TIME=1476269982408	Task=	ACTION=TASK_FINISH	INFO:	
TIME=1476270046979	Task=3	ACTION=TASK_BEGIN	INFO:	viewheight=1210	contentheight=2476	scale=2.0
TIME=1476270046979	Task=3	ACTION=SCROLL	INFO:	X1=179.75035	Y1=678.47	X2=177.04367	Y2=653.5074
TIME=1476270046981	Task=3	ACTION=YCHANGE	INFO:	Y=9
TIME=1476270046996	Task=3	ACTION=SCROLL	INFO:	X1=179.75035	Y1=678.47	X2=171.624	Y2=631.7833
TIME=1476270046997	Task=3	ACTION=YCHANGE	INFO:	Y=30
TIME=1476270047013	Task=3	ACTION=SCROLL	INFO:	X1=179.75035	Y1=678.47	X2=164.34949	Y2=603.9096
TIME=1476270047014	Task=3	ACTION=YCHANGE	INFO:	Y=58
TIME=1476270047028	Task=3	ACTION=SCROLL	INFO:	X1=179.75035	Y1=678.47	X2=155.25426	Y2=564.94824
TIME=1476270047029	Task=3	ACTION=YCHANGE	INFO:	Y=97
TIME=1476270047046	Task=3	ACTION=SCROLL	INFO:	X1=179.75035	Y1=678.47	X2=147.7089	Y2=539.2921
TIME=1476270047047	Task=3	ACTION=YCHANGE	INFO:	Y=123
TIME=1476270047062	Task=3	ACTION=SCROLL	INFO:	X1=179.75035	Y1=678.47	X2=138.30049	Y2=516.5071
TIME=1476270047063	Task=3	ACTION=YCHANGE	INFO:	Y=146
TIME=1476270047080	Task=3	ACTION=SCROLL	INFO:	X1=179.75035	Y1=678.47	X2=128.68355	Y2=498.92584
TIME=1476270047081	Task=3	ACTION=YCHANGE	INFO:	Y=163
TIME=1476270047095	Task=3	ACTION=SCROLL	INFO:	X1=179.75035	Y1=678.47	X2=121.60839	Y2=484.33167
TIME=1476270047097	Task=3	ACTION=YCHANGE	INFO:	Y=178
TIME=1476270047112	Task=3	ACTION=SCROLL	INFO:	X1=179.75035	Y1=678.47	X2=116.51185	Y2=471.81558
TIME=1476270047113	Task=3	ACTION=YCHANGE	INFO:	Y=190
TIME=1476270047129	Task=3	ACTION=SCROLL	INFO:	X1=179.75035	Y1=678.47	X2=111.3169	Y2=462.0915
TIME=1476270047130	Task=3	ACTION=YCHANGE	INFO:	Y=200
TIME=1476270047146	Task=3	ACTION=SCROLL	INFO:	X1=179.75035	Y1=678.47	X2=107.98476	Y2=455.91327
TIME=1476270047147	Task=3	ACTION=YCHANGE	INFO:	Y=206
TIME=1476270047164	Task=3	ACTION=SCROLL	INFO:	X1=179.75035	Y1=678.47	X2=105.481804	Y2=453.2742
TIME=1476270047165	Task=3	ACTION=YCHANGE	INFO:	Y=209
TIME=1476270047179	Task=3	ACTION=SCROLL	INFO:	X1=179.75035	Y1=678.47	X2=103.07338	Y2=449.47363
TIME=1476270047181	Task=3	ACTION=YCHANGE	INFO:	Y=213
TIME=1476270047196	Task=3	ACTION=SCROLL	INFO:	X1=179.75035	Y1=678.47	X2=102.35784	Y2=447.6503
TIME=1476270047197	Task=3	ACTION=YCHANGE	INFO:	Y=214
TIME=1476270047212	Task=3	ACTION=SCROLL	INFO:	X1=179.75035	Y1=678.47	X2=99.11786	Y2=442.9095
TIME=1476270047214	Task=3	ACTION=YCHANGE	INFO:	Y=219
TIME=1476270047219	Task=3	ACTION=FLING	INFO:	X1=179.75035	Y1=678.47	X2=98.86269	Y2=442.65417	VX=-94.294174	VY=-147.19753
TIME=1476270047231	Task=3	ACTION=YCHANGE	INFO:	Y=221
TIME=1476270047250	Task=3	ACTION=YCHANGE	INFO:	Y=223
TIME=1476270047283	Task=3	ACTION=YCHANGE	INFO:	Y=224
TIME=1476270048528	Task=3	ACTION=SCROLL	INFO:	X1=142.80167	Y1=836.3466	X2=145.35379	Y2=819.859
TIME=1476270048545	Task=3	ACTION=SCROLL	INFO:	X1=142.80167	Y1=836.3466	X2=147.79474	Y2=793.87976
TIME=1476270048547	Task=3	ACTION=YCHANGE	INFO:	Y=250
TIME=1476270048562	Task=3	ACTION=SCROLL	INFO:	X1=142.80167	Y1=836.3466	X2=148.79335	Y2=747.7696
TIME=1476270048563	Task=3	ACTION=YCHANGE	INFO:	Y=296
TIME=1476270048632	Task=3	ACTION=SCROLL	INFO:	X1=142.80167	Y1=836.3466	X2=134.81276	Y2=643.49725
TIME=1476270048633	Task=3	ACTION=YCHANGE	INFO:	Y=401
TIME=1476270048635	Task=3	ACTION=FLING	INFO:	X1=142.80167	Y1=836.3466	X2=134.81276	Y2=643.49725	VX=-553.02313	VY=-4963.468
TIME=1476270048646	Task=3	ACTION=YCHANGE	INFO:	Y=445
TIME=1476270048662	Task=3	ACTION=YCHANGE	INFO:	Y=524
TIME=1476270048679	Task=3	ACTION=YCHANGE	INFO:	Y=607
TIME=1476270048696	Task=3	ACTION=YCHANGE	INFO:	Y=689
TIME=1476270048712	Task=3	ACTION=YCHANGE	INFO:	Y=769
TIME=1476270048729	Task=3	ACTION=YCHANGE	INFO:	Y=842
TIME=1476270048746	Task=3	ACTION=YCHANGE	INFO:	Y=918
TIME=1476270048762	Task=3	ACTION=YCHANGE	INFO:	Y=987
TIME=1476270048780	Task=3	ACTION=YCHANGE	INFO:	Y=1061
TIME=1476270048797	Task=3	ACTION=YCHANGE	INFO:	Y=1128
TIME=1476270048813	Task=3	ACTION=YCHANGE	INFO:	Y=1189
TIME=1476270048830	Task=3	ACTION=YCHANGE	INFO:	Y=1251
TIME=1476270048850	Task=3	ACTION=YCHANGE	INFO:	Y=1316
TIME=1476270048863	Task=3	ACTION=YCHANGE	INFO:	Y=1362
TIME=1476270048880	Task=3	ACTION=YCHANGE	INFO:	Y=1415
TIME=1476270048897	Task=3	ACTION=YCHANGE	INFO:	Y=1463
TIME=1476270048913	Task=3	ACTION=YCHANGE	INFO:	Y=1511
TIME=1476270048929	Task=3	ACTION=YCHANGE	INFO:	Y=1554
TIME=1476270048946	Task=3	ACTION=YCHANGE	INFO:	Y=1598
TIME=1476270048963	Task=3	ACTION=YCHANGE	INFO:	Y=1639
TIME=1476270048980	Task=3	ACTION=YCHANGE	INFO:	Y=1676
TIME=1476270048998	Task=3	ACTION=YCHANGE	INFO:	Y=1716
TIME=1476270049013	Task=3	ACTION=YCHANGE	INFO:	Y=1749
TIME=1476270049030	Task=3	ACTION=YCHANGE	INFO:	Y=1783
TIME=1476270049046	Task=3	ACTION=YCHANGE	INFO:	Y=1813
TIME=1476270049065	Task=3	ACTION=YCHANGE	INFO:	Y=1847
TIME=1476270049080	Task=3	ACTION=YCHANGE	INFO:	Y=1872
TIME=1476270049097	Task=3	ACTION=YCHANGE	INFO:	Y=1900
TIME=1476270049113	Task=3	ACTION=YCHANGE	INFO:	Y=1924
TIME=1476270049130	Task=3	ACTION=YCHANGE	INFO:	Y=1949
TIME=1476270049147	Task=3	ACTION=YCHANGE	INFO:	Y=1972
TIME=1476270049163	Task=3	ACTION=YCHANGE	INFO:	Y=1993
TIME=1476270049180	Task=3	ACTION=YCHANGE	INFO:	Y=2014
TIME=1476270049197	Task=3	ACTION=YCHANGE	INFO:	Y=2032
TIME=1476270049213	Task=3	ACTION=YCHANGE	INFO:	Y=2051
TIME=1476270049230	Task=3	ACTION=YCHANGE	INFO:	Y=2069
TIME=1476270049247	Task=3	ACTION=YCHANGE	INFO:	Y=2086
TIME=1476270049263	Task=3	ACTION=YCHANGE	INFO:	Y=2101
TIME=1476270049280	Task=3	ACTION=YCHANGE	INFO:	Y=2116
TIME=1476270049297	Task=3	ACTION=YCHANGE	INFO:	Y=2130
TIME=1476270049313	Task=3	ACTION=YCHANGE	INFO:	Y=2143
TIME=1476270049332	Task=3	ACTION=YCHANGE	INFO:	Y=2157
TIME=1476270049347	Task=3	ACTION=YCHANGE	INFO:	Y=2166
TIME=1476270049363	Task=3	ACTION=YCHANGE	INFO:	Y=2178
TIME=1476270049380	Task=3	ACTION=YCHANGE	INFO:	Y=2188
TIME=1476270049397	Task=3	ACTION=YCHANGE	INFO:	Y=2197
TIME=1476270049413	Task=3	ACTION=YCHANGE	INFO:	Y=2206
TIME=1476270049431	Task=3	ACTION=YCHANGE	INFO:	Y=2214
TIME=1476270049447	Task=3	ACTION=YCHANGE	INFO:	Y=2222
TIME=1476270049463	Task=3	ACTION=YCHANGE	INFO:	Y=2229
TIME=1476270049481	Task=3	ACTION=YCHANGE	INFO:	Y=2236
TIME=1476270049497	Task=3	ACTION=YCHANGE	INFO:	Y=2242
TIME=1476270049514	Task=3	ACTION=YCHANGE	INFO:	Y=2247
TIME=1476270049531	Task=3	ACTION=YCHANGE	INFO:	Y=2252
TIME=1476270049547	Task=3	ACTION=YCHANGE	INFO:	Y=2257
TIME=1476270049563	Task=3	ACTION=YCHANGE	INFO:	Y=2261
TIME=1476270049579	Task=3	ACTION=YCHANGE	INFO:	Y=2264
TIME=1476270049596	Task=3	ACTION=YCHANGE	INFO:	Y=2267
TIME=1476270049614	Task=3	ACTION=YCHANGE	INFO:	Y=2270
TIME=1476270049662	Task=3	ACTION=SCROLL	INFO:	X1=146.79613	Y1=468.63388	X2=157.33472	Y2=498.01178
TIME=1476270049663	Task=3	ACTION=YCHANGE	INFO:	Y=2256
TIME=1476270049679	Task=3	ACTION=SCROLL	INFO:	X1=146.79613	Y1=468.63388	X2=167.767	Y2=531.0851
TIME=1476270049680	Task=3	ACTION=YCHANGE	INFO:	Y=2223
TIME=1476270049696	Task=3	ACTION=SCROLL	INFO:	X1=146.79613	Y1=468.63388	X2=178.73068	Y2=575.2136
TIME=1476270049698	Task=3	ACTION=YCHANGE	INFO:	Y=2179
TIME=1476270049713	Task=3	ACTION=SCROLL	INFO:	X1=146.79613	Y1=468.63388	X2=186.84573	Y2=618.1134
TIME=1476270049714	Task=3	ACTION=YCHANGE	INFO:	Y=2136
TIME=1476270049729	Task=3	ACTION=SCROLL	INFO:	X1=146.79613	Y1=468.63388	X2=191.82727	Y2=655.6904
TIME=1476270049730	Task=3	ACTION=YCHANGE	INFO:	Y=2098
TIME=1476270049746	Task=3	ACTION=SCROLL	INFO:	X1=146.79613	Y1=468.63388	X2=192.233	Y2=693.9579
TIME=1476270049747	Task=3	ACTION=YCHANGE	INFO:	Y=2060
TIME=1476270049763	Task=3	ACTION=SCROLL	INFO:	X1=146.79613	Y1=468.63388	X2=189.31825	Y2=743.889
TIME=1476270049764	Task=3	ACTION=YCHANGE	INFO:	Y=2010
TIME=1476270049779	Task=3	ACTION=SCROLL	INFO:	X1=146.79613	Y1=468.63388	X2=186.79462	Y2=770.2226
TIME=1476270049781	Task=3	ACTION=YCHANGE	INFO:	Y=1984
TIME=1476270049795	Task=3	ACTION=SCROLL	INFO:	X1=146.79613	Y1=468.63388	X2=183.64812	Y2=805.3391
TIME=1476270049797	Task=3	ACTION=YCHANGE	INFO:	Y=1948
TIME=1476270049812	Task=3	ACTION=SCROLL	INFO:	X1=146.79613	Y1=468.63388	X2=179.08138	Y2=845.53357
TIME=1476270049813	Task=3	ACTION=YCHANGE	INFO:	Y=1908
TIME=1476270049829	Task=3	ACTION=SCROLL	INFO:	X1=146.79613	Y1=468.63388	X2=174.09546	Y2=883.2805
TIME=1476270049830	Task=3	ACTION=YCHANGE	INFO:	Y=1871
TIME=1476270049843	Task=3	ACTION=SCROLL	INFO:	X1=146.79613	Y1=468.63388	X2=171.76144	Y2=904.2935
TIME=1476270049843	Task=3	ACTION=YCHANGE	INFO:	Y=1850
TIME=1476270049845	Task=3	ACTION=FLING	INFO:	X1=146.79613	Y1=468.63388	X2=171.76144	Y2=904.2935	VX=-320.74542	VY=2179.4937
TIME=1476270049849	Task=3	ACTION=YCHANGE	INFO:	Y=1832
TIME=1476270049863	Task=3	ACTION=YCHANGE	INFO:	Y=1802
TIME=1476270049880	Task=3	ACTION=YCHANGE	INFO:	Y=1767
TIME=1476270049898	Task=3	ACTION=YCHANGE	INFO:	Y=1731
TIME=1476270049913	Task=3	ACTION=YCHANGE	INFO:	Y=1703
TIME=1476270049931	Task=3	ACTION=YCHANGE	INFO:	Y=1671
TIME=1476270049947	Task=3	ACTION=YCHANGE	INFO:	Y=1646
TIME=1476270049963	Task=3	ACTION=YCHANGE	INFO:	Y=1622
TIME=1476270049980	Task=3	ACTION=YCHANGE	INFO:	Y=1599
TIME=1476270049997	Task=3	ACTION=YCHANGE	INFO:	Y=1578
TIME=1476270050013	Task=3	ACTION=YCHANGE	INFO:	Y=1560
TIME=1476270050030	Task=3	ACTION=YCHANGE	INFO:	Y=1543
TIME=1476270050047	Task=3	ACTION=YCHANGE	INFO:	Y=1527
TIME=1476270050064	Task=3	ACTION=YCHANGE	INFO:	Y=1513
TIME=1476270050080	Task=3	ACTION=YCHANGE	INFO:	Y=1500
TIME=1476270050102	Task=3	ACTION=YCHANGE	INFO:	Y=1485
TIME=1476270050113	Task=3	ACTION=YCHANGE	INFO:	Y=1479
TIME=1476270050131	Task=3	ACTION=YCHANGE	INFO:	Y=1469
TIME=1476270050148	Task=3	ACTION=YCHANGE	INFO:	Y=1459
TIME=1476270050164	Task=3	ACTION=YCHANGE	INFO:	Y=1452
TIME=1476270050182	Task=3	ACTION=YCHANGE	INFO:	Y=1444
TIME=1476270050198	Task=3	ACTION=YCHANGE	INFO:	Y=1438
TIME=1476270050213	Task=3	ACTION=YCHANGE	INFO:	Y=1433
TIME=1476270050230	Task=3	ACTION=YCHANGE	INFO:	Y=1428
TIME=1476270050247	Task=3	ACTION=YCHANGE	INFO:	Y=1423
TIME=1476270050279	Task=3	ACTION=SCROLL	INFO:	X1=172.76006	Y1=497.61124	X2=177.26389	Y2=516.339
TIME=1476270050281	Task=3	ACTION=YCHANGE	INFO:	Y=1420
TIME=1476270050296	Task=3	ACTION=SCROLL	INFO:	X1=172.76006	Y1=497.61124	X2=187.12193	Y2=560.7457
TIME=1476270050297	Task=3	ACTION=YCHANGE	INFO:	Y=1376
TIME=1476270050314	Task=3	ACTION=SCROLL	INFO:	X1=172.76006	Y1=497.61124	X2=198.39952	Y2=639.4121
TIME=1476270050315	Task=3	ACTION=YCHANGE	INFO:	Y=1297
TIME=1476270050329	Task=3	ACTION=SCROLL	INFO:	X1=172.76006	Y1=497.61124	X2=203.67815	Y2=731.84393
TIME=1476270050332	Task=3	ACTION=YCHANGE	INFO:	Y=1205
TIME=1476270050339	Task=3	ACTION=SCROLL	INFO:	X1=172.76006	Y1=497.61124	X2=200.72122	Y2=784.3872
TIME=1476270050340	Task=3	ACTION=YCHANGE	INFO:	Y=1152
TIME=1476270050341	Task=3	ACTION=FLING	INFO:	X1=172.76006	Y1=497.61124	X2=200.72122	Y2=784.3872	VX=411.81467	VY=7354.6143
TIME=1476270050347	Task=3	ACTION=YCHANGE	INFO:	Y=1085
TIME=1476270050364	Task=3	ACTION=YCHANGE	INFO:	Y=960
TIME=1476270050380	Task=3	ACTION=YCHANGE	INFO:	Y=842
TIME=1476270050397	Task=3	ACTION=YCHANGE	INFO:	Y=726
TIME=1476270050415	Task=3	ACTION=YCHANGE	INFO:	Y=589
TIME=1476270050430	Task=3	ACTION=YCHANGE	INFO:	Y=483
TIME=1476270050449	Task=3	ACTION=YCHANGE	INFO:	Y=351
TIME=1476270050466	Task=3	ACTION=YCHANGE	INFO:	Y=235
TIME=1476270050480	Task=3	ACTION=YCHANGE	INFO:	Y=142
TIME=1476270050502	Task=3	ACTION=YCHANGE	INFO:	Y=0
TIME=1476270057245	Task=3	ACTION=SCROLL	INFO:	X1=247.65604	Y1=814.3638	X2=246.97499	Y2=783.79376
TIME=1476270057247	Task=3	ACTION=YCHANGE	INFO:	Y=14
TIME=1476270057268	Task=3	ACTION=SCROLL	INFO:	X1=247.65604	Y1=814.3638	X2=245.31902	Y2=745.5499
TIME=1476270057270	Task=3	ACTION=YCHANGE	INFO:	Y=52
TIME=1476270057282	Task=3	ACTION=SCROLL	INFO:	X1=247.65604	Y1=814.3638	X2=242.95781	Y2=708.83044
TIME=1476270057284	Task=3	ACTION=YCHANGE	INFO:	Y=89
TIME=1476270057296	Task=3	ACTION=SCROLL	INFO:	X1=247.65604	Y1=814.3638	X2=239.29184	Y2=667.7604
TIME=1476270057297	Task=3	ACTION=YCHANGE	INFO:	Y=130
TIME=1476270057312	Task=3	ACTION=SCROLL	INFO:	X1=247.65604	Y1=814.3638	X2=232.4604	Y2=627.35394
TIME=1476270057314	Task=3	ACTION=YCHANGE	INFO:	Y=171
TIME=1476270057328	Task=3	ACTION=SCROLL	INFO:	X1=247.65604	Y1=814.3638	X2=224.81401	Y2=586.5484
TIME=1476270057330	Task=3	ACTION=YCHANGE	INFO:	Y=211
TIME=1476270057346	Task=3	ACTION=SCROLL	INFO:	X1=247.65604	Y1=814.3638	X2=219.19556	Y2=556.0656
TIME=1476270057347	Task=3	ACTION=YCHANGE	INFO:	Y=242
TIME=1476270057362	Task=3	ACTION=SCROLL	INFO:	X1=247.65604	Y1=814.3638	X2=213.29788	Y2=535.7502
TIME=1476270057364	Task=3	ACTION=YCHANGE	INFO:	Y=262
TIME=1476270057379	Task=3	ACTION=SCROLL	INFO:	X1=247.65604	Y1=814.3638	X2=206.7129	Y2=516.0968
TIME=1476270057380	Task=3	ACTION=YCHANGE	INFO:	Y=282
TIME=1476270057395	Task=3	ACTION=SCROLL	INFO:	X1=247.65604	Y1=814.3638	X2=204.70354	Y2=508.90738
TIME=1476270057397	Task=3	ACTION=YCHANGE	INFO:	Y=289
TIME=1476270057413	Task=3	ACTION=SCROLL	INFO:	X1=247.65604	Y1=814.3638	X2=201.87607	Y2=501.99893
TIME=1476270057415	Task=3	ACTION=YCHANGE	INFO:	Y=296
TIME=1476270057429	Task=3	ACTION=SCROLL	INFO:	X1=247.65604	Y1=814.3638	X2=200.5403	Y2=499.2476
TIME=1476270057430	Task=3	ACTION=YCHANGE	INFO:	Y=299
TIME=1476270057445	Task=3	ACTION=SCROLL	INFO:	X1=247.65604	Y1=814.3638	X2=200.72122	Y2=496.75928
TIME=1476270057446	Task=3	ACTION=YCHANGE	INFO:	Y=301
TIME=1476270057462	Task=3	ACTION=SCROLL	INFO:	X1=247.65604	Y1=814.3638	X2=197.72539	Y2=491.6159
TIME=1476270057464	Task=3	ACTION=YCHANGE	INFO:	Y=306
TIME=1476270057470	Task=3	ACTION=SCROLL	INFO:	X1=247.65604	Y1=814.3638	X2=194.72955	Y2=489.6175
TIME=1476270057471	Task=3	ACTION=YCHANGE	INFO:	Y=308
TIME=1476270057473	Task=3	ACTION=FLING	INFO:	X1=247.65604	Y1=814.3638	X2=194.72955	Y2=489.6175	VX=-101.78858	VY=-114.65303
TIME=1476270057479	Task=3	ACTION=YCHANGE	INFO:	Y=309
TIME=1476270057499	Task=3	ACTION=YCHANGE	INFO:	Y=310
TIME=1476270057513	Task=3	ACTION=YCHANGE	INFO:	Y=311
TIME=1476270058162	Task=3	ACTION=SCROLL	INFO:	X1=202.71844	Y1=463.6378	X2=209.12984	Y2=503.7755
TIME=1476270058163	Task=3	ACTION=YCHANGE	INFO:	Y=286
TIME=1476270058179	Task=3	ACTION=SCROLL	INFO:	X1=202.71844	Y1=463.6378	X2=214.98572	Y2=543.4518
TIME=1476270058180	Task=3	ACTION=YCHANGE	INFO:	Y=247
TIME=1476270058198	Task=3	ACTION=SCROLL	INFO:	X1=202.71844	Y1=463.6378	X2=219.86592	Y2=588.08215
TIME=1476270058201	Task=3	ACTION=YCHANGE	INFO:	Y=202
TIME=1476270058213	Task=3	ACTION=SCROLL	INFO:	X1=202.71844	Y1=463.6378	X2=226.18587	Y2=633.0055
TIME=1476270058214	Task=3	ACTION=YCHANGE	INFO:	Y=157
TIME=1476270058229	Task=3	ACTION=SCROLL	INFO:	X1=202.71844	Y1=463.6378	X2=228.27647	Y2=679.9489
TIME=1476270058230	Task=3	ACTION=YCHANGE	INFO:	Y=110
TIME=1476270058246	Task=3	ACTION=SCROLL	INFO:	X1=202.71844	Y1=463.6378	X2=228.68239	Y2=735.4254
TIME=1476270058248	Task=3	ACTION=YCHANGE	INFO:	Y=55
TIME=1476270058263	Task=3	ACTION=SCROLL	INFO:	X1=202.71844	Y1=463.6378	X2=228.68239	Y2=748.4153
TIME=1476270058264	Task=3	ACTION=YCHANGE	INFO:	Y=42
TIME=1476270058266	Task=3	ACTION=FLING	INFO:	X1=202.71844	Y1=463.6378	X2=228.68239	Y2=748.4153	VX=0.44430888	VY=3218.9988
TIME=1476270058270	Task=3	ACTION=YCHANGE	INFO:	Y=5
TIME=1476270058283	Task=3	ACTION=YCHANGE	INFO:	Y=0
TIME=1476270072154	Task=3	ACTION=SINGLETAPUP	INFO:	X=616.1443	Y=42.96643
TIME=1476270072163	Task=3	ACTION=YCHANGE	INFO:	Y=4
TIME=1476270072181	Task=3	ACTION=YCHANGE	INFO:	Y=9
TIME=1476270072197	Task=3	ACTION=YCHANGE	INFO:	Y=13
TIME=1476270072214	Task=3	ACTION=YCHANGE	INFO:	Y=15
TIME=1476270072232	Task=3	ACTION=YCHANGE	INFO:	Y=17
TIME=1476270072249	Task=3	ACTION=YCHANGE	INFO:	Y=18
TIME=1476270072267	Task=3	ACTION=YCHANGE	INFO:	Y=19
TIME=1476270072283	Task=3	ACTION=YCHANGE	INFO:	Y=20
TIME=1476270073304	Task=3	ACTION=SINGLETAPUP	INFO:	X=627.129	Y=45.964092
TIME=1476270074468	Task=3	ACTION=TASK_FINISH	INFO:	
