Loading a web page
{
    "document.body.scrollHeight": 300,
    "document.body.offsetHeight": 279,
    "document.documentElement.clientHeight": 300,
    "document.documentElement.scrollHeight": 300
}
Loading a web page
{
    "document.body.scrollHeight": 2987,
    "document.body.offsetHeight": 2987,
    "document.documentElement.clientHeight": 300,
    "document.documentElement.scrollHeight": 2987
}
Loading a web page
{
    "document.body.scrollHeight": 1437,
    "document.body.offsetHeight": 1437,
    "document.documentElement.clientHeight": 300,
    "document.documentElement.scrollHeight": 1437
}
Loading a web page
{
    "document.body.scrollHeight": 3370,
    "document.body.offsetHeight": 3370,
    "document.documentElement.clientHeight": 300,
    "document.documentElement.scrollHeight": 3370
}
Loading a web page
TypeError: null is not an object (evaluating 'res.length')

  http://pos.baidu.com/vcwm?sz=320x80&rdid=2300317&dc=3&exps=110008&di=u2300317&dri=0&dis=0&dai=1&ps=600x0&dcb=BAIDU_SSP_define&dtm=HTML_POST&dvi=0.0&dci=-1&dpt=none&tsr=0&tpr=1481680736202&ti=%E3%80%90%E4%B8%8A%E6%B5%B7%E9%97%B5%E8%A1%8C%E5%86%9C%E4%B8%9A%E9%93%B6%E8%A1%8C%E8%90%A5%E4%B8%9A%E5%8E%85%E5%9C%B0%E5%9D%80_%E5%86%9C%E8%A1%8C%E5%AE%A2%E6%9C%8D%E7%83%AD%E7%BA%BF%E7%94%B5%E8%AF%9D_%E7%BD%91%E7%82%B9%E6%9F%A5%E8%AF%A2%E3%80%91-%E4%B8%8A%E6%B5%B7%E8%B5%B6%E9%9B%86%E7%BD%91&ari=2&dbv=0&drs=3&pcs=400x300&pss=400x1072&cfv=0&cpl=0&chi=1&cce=true&cec=UTF-8&tlm=1481648336&rw=320&ltu=http%3A%2F%2F3g.ganji.com%2Fsh_abc%2Fminhang%2F%3Fca_name%3Dzhuzhan2wap_post_list_abc&ecd=1&psr=1024x768&par=1024x768&pis=-1x-1&ccd=32&cja=false&cmi=0&col=en-US&cdo=-1&tcn=1481680736&qn=cc02f9fe75642ceb&tt=1481680736182.25.26.31:70 in get_tu
{
    "document.body.scrollHeight": 1290,
    "document.body.offsetHeight": 1290,
    "document.documentElement.clientHeight": 300,
    "document.documentElement.scrollHeight": 1290
}
Loading a web page
{
    "document.body.scrollHeight": 332,
    "document.body.offsetHeight": 332,
    "document.documentElement.clientHeight": 300,
    "document.documentElement.scrollHeight": 332
}
Loading a web page
{
    "document.body.scrollHeight": 300,
    "document.body.offsetHeight": 300,
    "document.documentElement.clientHeight": 300,
    "document.documentElement.scrollHeight": 300
}
Loading a web page
{
    "document.body.scrollHeight": 300,
    "document.body.offsetHeight": 300,
    "document.documentElement.clientHeight": 300,
    "document.documentElement.scrollHeight": 300
}
Loading a web page
Loading a web page
Loading a web page
{
    "document.body.scrollHeight": 300,
    "document.body.offsetHeight": 300,
    "document.documentElement.clientHeight": 300,
    "document.documentElement.scrollHeight": 300
}
{
    "document.body.scrollHeight": 300,
    "document.body.offsetHeight": 300,
    "document.documentElement.clientHeight": 300,
    "document.documentElement.scrollHeight": 300
}
Loading a web page
{
    "document.body.scrollHeight": 300,
    "document.body.offsetHeight": 300,
    "document.documentElement.clientHeight": 300,
    "document.documentElement.scrollHeight": 300
}
{
    "document.body.scrollHeight": 300,
    "document.body.offsetHeight": 300,
    "document.documentElement.clientHeight": 300,
    "document.documentElement.scrollHeight": 300
}
Loading a web page
{
    "document.body.scrollHeight": 300,
    "document.body.offsetHeight": 279,
    "document.documentElement.clientHeight": 300,
    "document.documentElement.scrollHeight": 300
}
Loading a web page
Error: [vuex] vuex requires a Promise polyfill in this browser.

  http://cache.soso.com/mobile/baike/js/vue.custom@2.0.min.js:15 in c
  http://cache.soso.com/mobile/baike/js/vue.custom@2.0.min.js:15 in x
  http://cache.soso.com/mobile/baike/js/mobile_lemma-0352bae926.js:1
  http://cache.soso.com/mobile/baike/js/mobile_lemma-0352bae926.js:1 in e
  http://cache.soso.com/mobile/baike/js/mobile_lemma-0352bae926.js:1
  http://cache.soso.com/mobile/baike/js/mobile_lemma-0352bae926.js:1 in e
  http://cache.soso.com/mobile/baike/js/mobile_lemma-0352bae926.js:1
  http://cache.soso.com/mobile/baike/js/mobile_lemma-0352bae926.js:1 in e
  http://cache.soso.com/mobile/baike/js/mobile_lemma-0352bae926.js:1
{
    "document.body.scrollHeight": 300,
    "document.body.offsetHeight": 76,
    "document.documentElement.clientHeight": 300,
    "document.documentElement.scrollHeight": 120
}
Loading a web page
Loading a web page
Error: [vuex] vuex requires a Promise polyfill in this browser.

  http://cache.soso.com/mobile/baike/js/vue.custom@2.0.min.js:15 in c
  http://cache.soso.com/mobile/baike/js/vue.custom@2.0.min.js:15 in x
  http://cache.soso.com/mobile/baike/js/mobile_lemma-0352bae926.js:1
  http://cache.soso.com/mobile/baike/js/mobile_lemma-0352bae926.js:1 in e
  http://cache.soso.com/mobile/baike/js/mobile_lemma-0352bae926.js:1
  http://cache.soso.com/mobile/baike/js/mobile_lemma-0352bae926.js:1 in e
  http://cache.soso.com/mobile/baike/js/mobile_lemma-0352bae926.js:1
  http://cache.soso.com/mobile/baike/js/mobile_lemma-0352bae926.js:1 in e
  http://cache.soso.com/mobile/baike/js/mobile_lemma-0352bae926.js:1
{
    "document.body.scrollHeight": 300,
    "document.body.offsetHeight": 76,
    "document.documentElement.clientHeight": 300,
    "document.documentElement.scrollHeight": 120
}
